[INFO ] 2024-01-17 17:12:47.932 [main] Logindemo - user Navigates To Login Page
[INFO ] 2024-01-17 17:12:56.552 [main] Logindemo - user Enters email And Password
[INFO ] 2024-01-17 17:12:57.018 [main] Logindemo - clicks Login Button
[INFO ] 2024-01-17 17:12:57.878 [main] Logindemo - message Should Be Displayed
[INFO ] 2024-01-17 17:12:58.419 [main] Logindemo - user Navigates To Login Page
[INFO ] 2024-01-17 17:13:04.384 [main] Logindemo - user Enters email And Password
[INFO ] 2024-01-17 17:13:04.613 [main] Logindemo - clicks Login Button
[INFO ] 2024-01-17 17:13:05.506 [main] Logindemo - message Should Be Displayed
[INFO ] 2024-01-17 17:13:05.896 [main] Logindemo - user Navigates To Login Page
[INFO ] 2024-01-17 17:13:11.725 [main] Logindemo - user Enters email And Password
[INFO ] 2024-01-17 17:13:11.930 [main] Logindemo - clicks Login Button
[INFO ] 2024-01-17 17:13:12.466 [main] Logindemo - message Should Be Displayed
[INFO ] 2024-01-17 17:13:12.861 [main] Logindemo - user Navigates To Login Page
[INFO ] 2024-01-17 17:13:18.232 [main] Logindemo - user Enters email And Password
[INFO ] 2024-01-17 17:13:18.497 [main] Logindemo - clicks Login Button
[INFO ] 2024-01-17 17:13:18.901 [main] Logindemo - message Should Be Displayed
[INFO ] 2024-01-17 17:13:19.404 [main] Logindemo - user Navigates To Login Page
[INFO ] 2024-01-17 17:13:24.993 [main] Logindemo - user Enters email And Password
[INFO ] 2024-01-17 17:13:25.201 [main] Logindemo - clicks Login Button
[INFO ] 2024-01-17 17:13:25.748 [main] Logindemo - message Should Be Displayed
[INFO ] 2024-01-18 09:03:20.868 [main] Logindemo - user Navigates To Login Page
[INFO ] 2024-01-18 09:03:35.006 [main] Logindemo - user Enters email And Password
[INFO ] 2024-01-18 09:03:35.210 [main] Logindemo - clicks Login Button
[INFO ] 2024-01-18 09:03:36.064 [main] Logindemo - message Should Be Displayed
[INFO ] 2024-01-18 09:03:36.361 [main] Logindemo - user Navigates To Login Page
[INFO ] 2024-01-18 09:03:42.055 [main] Logindemo - user Enters email And Password
[INFO ] 2024-01-18 09:03:42.197 [main] Logindemo - clicks Login Button
[INFO ] 2024-01-18 09:03:43.419 [main] Logindemo - message Should Be Displayed
[INFO ] 2024-01-18 09:03:43.642 [main] Logindemo - user Navigates To Login Page
[INFO ] 2024-01-18 09:03:50.803 [main] Logindemo - user Enters email And Password
[INFO ] 2024-01-18 09:03:50.972 [main] Logindemo - clicks Login Button
[INFO ] 2024-01-18 09:03:51.512 [main] Logindemo - message Should Be Displayed
[INFO ] 2024-01-18 09:03:51.736 [main] Logindemo - user Navigates To Login Page
[INFO ] 2024-01-18 09:03:56.603 [main] Logindemo - user Enters email And Password
[INFO ] 2024-01-18 09:03:56.736 [main] Logindemo - clicks Login Button
[INFO ] 2024-01-18 09:03:57.270 [main] Logindemo - message Should Be Displayed
[INFO ] 2024-01-18 09:03:57.514 [main] Logindemo - user Navigates To Login Page
[INFO ] 2024-01-18 09:04:07.983 [main] Logindemo - user Enters email And Password
[INFO ] 2024-01-18 09:04:08.099 [main] Logindemo - clicks Login Button
[INFO ] 2024-01-18 09:04:08.576 [main] Logindemo - message Should Be Displayed
[INFO ] 2024-01-18 09:07:37.575 [main] Logindemo - user Navigates To Login Page
[INFO ] 2024-01-18 09:07:44.244 [main] Logindemo - user Enters email And Password
[INFO ] 2024-01-18 09:07:44.388 [main] Logindemo - clicks Login Button
[INFO ] 2024-01-18 09:07:45.552 [main] Logindemo - message Should Be Displayed
[INFO ] 2024-01-18 09:07:45.809 [main] Logindemo - user Navigates To Login Page
[INFO ] 2024-01-18 09:07:51.060 [main] Logindemo - user Enters email And Password
[INFO ] 2024-01-18 09:07:51.188 [main] Logindemo - clicks Login Button
[INFO ] 2024-01-18 09:07:51.686 [main] Logindemo - message Should Be Displayed
[INFO ] 2024-01-18 09:07:51.737 [main] Logindemo - user Navigates To Login Page
[INFO ] 2024-01-18 09:07:56.542 [main] Logindemo - user Enters email And Password
[INFO ] 2024-01-18 09:07:56.691 [main] Logindemo - clicks Login Button
[INFO ] 2024-01-18 09:07:57.190 [main] Logindemo - message Should Be Displayed
[INFO ] 2024-01-18 09:07:57.221 [main] Logindemo - user Navigates To Login Page
[INFO ] 2024-01-18 09:08:02.285 [main] Logindemo - user Enters email And Password
[INFO ] 2024-01-18 09:08:02.427 [main] Logindemo - clicks Login Button
[INFO ] 2024-01-18 09:08:05.529 [main] Logindemo - message Should Be Displayed
[INFO ] 2024-01-18 09:08:05.566 [main] Logindemo - user Navigates To Login Page
[INFO ] 2024-01-18 09:08:23.589 [main] Logindemo - user Enters email And Password
[INFO ] 2024-01-18 09:08:23.702 [main] Logindemo - clicks Login Button
[INFO ] 2024-01-18 09:08:24.046 [main] Logindemo - message Should Be Displayed
[INFO ] 2024-01-18 09:17:18.244 [main] Logindemo - user Navigates To Login Page
[INFO ] 2024-01-18 09:17:25.665 [main] Logindemo - user Enters email And Password
[INFO ] 2024-01-18 09:17:25.834 [main] Logindemo - clicks Login Button
[INFO ] 2024-01-18 09:17:26.679 [main] Logindemo - message Should Be Displayed
[INFO ] 2024-01-18 09:17:26.966 [main] Logindemo - user Navigates To Login Page
[INFO ] 2024-01-18 09:17:31.721 [main] Logindemo - user Enters email And Password
[INFO ] 2024-01-18 09:17:31.861 [main] Logindemo - clicks Login Button
[INFO ] 2024-01-18 09:17:32.330 [main] Logindemo - message Should Be Displayed
[INFO ] 2024-01-18 09:17:32.372 [main] Logindemo - user Navigates To Login Page
[INFO ] 2024-01-18 09:17:36.913 [main] Logindemo - user Enters email And Password
[INFO ] 2024-01-18 09:17:37.045 [main] Logindemo - clicks Login Button
[INFO ] 2024-01-18 09:17:37.515 [main] Logindemo - message Should Be Displayed
[INFO ] 2024-01-18 09:17:37.558 [main] Logindemo - user Navigates To Login Page
[INFO ] 2024-01-18 09:17:42.396 [main] Logindemo - user Enters email And Password
[INFO ] 2024-01-18 09:17:42.532 [main] Logindemo - clicks Login Button
[INFO ] 2024-01-18 09:17:43.164 [main] Logindemo - message Should Be Displayed
[INFO ] 2024-01-18 09:17:43.194 [main] Logindemo - user Navigates To Login Page
[INFO ] 2024-01-18 09:17:55.194 [main] Logindemo - user Enters email And Password
[INFO ] 2024-01-18 09:17:55.308 [main] Logindemo - clicks Login Button
[INFO ] 2024-01-18 09:17:55.743 [main] Logindemo - message Should Be Displayed
[INFO ] 2024-01-18 11:50:00.207 [main] Logindemo - user Navigates To Login Page
[INFO ] 2024-01-18 11:50:08.473 [main] Logindemo - user Enters email And Password
[INFO ] 2024-01-18 11:50:08.594 [main] Logindemo - clicks Login Button
[INFO ] 2024-01-18 11:50:09.719 [main] Logindemo - message Should Be Displayed
[INFO ] 2024-01-18 11:50:09.941 [main] Logindemo - user Navigates To Login Page
[INFO ] 2024-01-18 11:50:14.351 [main] Logindemo - user Enters email And Password
[INFO ] 2024-01-18 11:50:14.479 [main] Logindemo - clicks Login Button
[INFO ] 2024-01-18 11:50:15.138 [main] Logindemo - message Should Be Displayed
[INFO ] 2024-01-18 11:50:15.404 [main] Logindemo - user Navigates To Login Page
[INFO ] 2024-01-18 11:50:19.629 [main] Logindemo - user Enters email And Password
[INFO ] 2024-01-18 11:50:19.743 [main] Logindemo - clicks Login Button
[INFO ] 2024-01-18 11:50:20.186 [main] Logindemo - message Should Be Displayed
[INFO ] 2024-01-18 11:50:20.450 [main] Logindemo - user Navigates To Login Page
[INFO ] 2024-01-18 11:50:24.922 [main] Logindemo - user Enters email And Password
[INFO ] 2024-01-18 11:50:25.049 [main] Logindemo - clicks Login Button
[INFO ] 2024-01-18 11:50:26.064 [main] Logindemo - message Should Be Displayed
[INFO ] 2024-01-18 11:50:26.286 [main] Logindemo - user Navigates To Login Page
[INFO ] 2024-01-18 11:50:31.271 [main] Logindemo - user Enters email And Password
[INFO ] 2024-01-18 11:50:31.370 [main] Logindemo - clicks Login Button
[INFO ] 2024-01-18 11:50:31.812 [main] Logindemo - message Should Be Displayed
[INFO ] 2024-01-18 14:52:37.642 [main] Logindemo - user Navigates To Login Page
[INFO ] 2024-01-18 14:52:43.212 [main] Logindemo - user Enters email And Password
[INFO ] 2024-01-18 14:52:43.327 [main] Logindemo - clicks Login Button
[INFO ] 2024-01-18 14:52:44.566 [main] Logindemo - message Should Be Displayed
[INFO ] 2024-01-18 14:52:46.324 [main] Logindemo - user Navigates To Login Page
[INFO ] 2024-01-18 14:52:51.253 [main] Logindemo - user Enters email And Password
[INFO ] 2024-01-18 14:52:51.353 [main] Logindemo - clicks Login Button
[INFO ] 2024-01-18 14:52:51.838 [main] Logindemo - message Should Be Displayed
[INFO ] 2024-01-18 14:52:53.541 [main] Logindemo - user Navigates To Login Page
[INFO ] 2024-01-18 14:52:58.323 [main] Logindemo - user Enters email And Password
[INFO ] 2024-01-18 14:52:58.438 [main] Logindemo - clicks Login Button
[INFO ] 2024-01-18 14:52:58.908 [main] Logindemo - message Should Be Displayed
[INFO ] 2024-01-18 14:53:01.272 [main] Logindemo - user Navigates To Login Page
[INFO ] 2024-01-18 14:53:09.398 [main] Logindemo - user Enters email And Password
[INFO ] 2024-01-18 14:53:09.506 [main] Logindemo - clicks Login Button
[INFO ] 2024-01-18 14:53:09.882 [main] Logindemo - message Should Be Displayed
[INFO ] 2024-01-18 14:53:11.705 [main] Logindemo - user Navigates To Login Page
[INFO ] 2024-01-18 14:53:31.490 [main] Logindemo - user Enters email And Password
[INFO ] 2024-01-18 14:53:31.614 [main] Logindemo - clicks Login Button
[INFO ] 2024-01-18 14:53:33.205 [main] Logindemo - message Should Be Displayed
[INFO ] 2024-01-18 14:59:31.175 [main] Logindemo - user Navigates To Login Page
[INFO ] 2024-01-18 14:59:35.355 [main] Logindemo - user Enters email And Password
[INFO ] 2024-01-18 14:59:35.485 [main] Logindemo - clicks Login Button
[INFO ] 2024-01-18 14:59:37.154 [main] Logindemo - message Should Be Displayed
[INFO ] 2024-01-18 14:59:38.899 [main] Logindemo - user Navigates To Login Page
[INFO ] 2024-01-18 14:59:43.192 [main] Logindemo - user Enters email And Password
[INFO ] 2024-01-18 14:59:43.313 [main] Logindemo - clicks Login Button
[INFO ] 2024-01-18 14:59:43.756 [main] Logindemo - message Should Be Displayed
[INFO ] 2024-01-18 14:59:45.439 [main] Logindemo - user Navigates To Login Page
[INFO ] 2024-01-18 14:59:49.805 [main] Logindemo - user Enters email And Password
[INFO ] 2024-01-18 14:59:49.921 [main] Logindemo - clicks Login Button
[INFO ] 2024-01-18 14:59:50.376 [main] Logindemo - message Should Be Displayed
[INFO ] 2024-01-18 14:59:52.004 [main] Logindemo - user Navigates To Login Page
[INFO ] 2024-01-18 14:59:57.621 [main] Logindemo - user Enters email And Password
[INFO ] 2024-01-18 14:59:57.735 [main] Logindemo - clicks Login Button
[INFO ] 2024-01-18 14:59:58.322 [main] Logindemo - message Should Be Displayed
[INFO ] 2024-01-18 15:00:00.521 [main] Logindemo - user Navigates To Login Page
[INFO ] 2024-01-18 15:00:18.490 [main] Logindemo - user Enters email And Password
[INFO ] 2024-01-18 15:00:18.646 [main] Logindemo - clicks Login Button
[INFO ] 2024-01-18 15:00:19.038 [main] Logindemo - message Should Be Displayed
[INFO ] 2024-01-18 16:30:47.787 [main] Logindemo - user Navigates To Login Page
[INFO ] 2024-01-18 16:31:00.106 [main] Logindemo - user Enters email And Password
[INFO ] 2024-01-18 16:31:00.371 [main] Logindemo - clicks Login Button
[INFO ] 2024-01-18 16:31:02.794 [main] Logindemo - message Should Be Displayed
[INFO ] 2024-01-18 16:31:03.090 [main] Logindemo - user Navigates To Login Page
[INFO ] 2024-01-18 16:31:09.296 [main] Logindemo - user Enters email And Password
[INFO ] 2024-01-18 16:31:09.620 [main] Logindemo - clicks Login Button
[INFO ] 2024-01-18 16:31:11.292 [main] Logindemo - message Should Be Displayed
[INFO ] 2024-01-18 16:31:11.355 [main] Logindemo - user Navigates To Login Page
[INFO ] 2024-01-18 16:31:17.866 [main] Logindemo - user Enters email And Password
[INFO ] 2024-01-18 16:31:18.029 [main] Logindemo - clicks Login Button
[INFO ] 2024-01-18 16:31:18.951 [main] Logindemo - message Should Be Displayed
[INFO ] 2024-01-18 16:31:19.002 [main] Logindemo - user Navigates To Login Page
[INFO ] 2024-01-18 16:31:26.231 [main] Logindemo - user Enters email And Password
[INFO ] 2024-01-18 16:31:26.388 [main] Logindemo - clicks Login Button
[INFO ] 2024-01-18 16:31:28.416 [main] Logindemo - message Should Be Displayed
[INFO ] 2024-01-18 16:31:28.486 [main] Logindemo - user Navigates To Login Page
[INFO ] 2024-01-18 16:31:36.705 [main] Logindemo - user Enters email And Password
[INFO ] 2024-01-18 16:31:36.937 [main] Logindemo - clicks Login Button
[INFO ] 2024-01-18 16:31:37.658 [main] Logindemo - message Should Be Displayed
[INFO ] 2024-01-18 17:31:53.470 [main] Logindemo - user Navigates To Login Page
[INFO ] 2024-01-18 17:32:02.502 [main] Logindemo - user Enters email And Password
[INFO ] 2024-01-18 17:32:02.760 [main] Logindemo - clicks Login Button
[INFO ] 2024-01-18 17:32:04.061 [main] Logindemo - message Should Be Displayed
[INFO ] 2024-01-18 17:32:04.462 [main] Logindemo - user Navigates To Login Page
[INFO ] 2024-01-18 17:32:10.864 [main] Logindemo - user Enters email And Password
[INFO ] 2024-01-18 17:32:11.299 [main] Logindemo - clicks Login Button
[INFO ] 2024-01-18 17:32:12.469 [main] Logindemo - message Should Be Displayed
[INFO ] 2024-01-18 17:32:12.548 [main] Logindemo - user Navigates To Login Page
[INFO ] 2024-01-18 17:32:18.467 [main] Logindemo - user Enters email And Password
[INFO ] 2024-01-18 17:32:18.694 [main] Logindemo - clicks Login Button
[INFO ] 2024-01-18 17:32:19.510 [main] Logindemo - message Should Be Displayed
[INFO ] 2024-01-18 17:32:19.575 [main] Logindemo - user Navigates To Login Page
[INFO ] 2024-01-18 17:32:25.596 [main] Logindemo - user Enters email And Password
[INFO ] 2024-01-18 17:32:25.856 [main] Logindemo - clicks Login Button
[INFO ] 2024-01-18 17:32:26.653 [main] Logindemo - message Should Be Displayed
[INFO ] 2024-01-18 17:32:26.722 [main] Logindemo - user Navigates To Login Page
[INFO ] 2024-01-18 17:32:34.196 [main] Logindemo - user Enters email And Password
[INFO ] 2024-01-18 17:32:34.439 [main] Logindemo - clicks Login Button
[INFO ] 2024-01-18 17:32:34.991 [main] Logindemo - message Should Be Displayed
[INFO ] 2024-01-18 17:36:26.437 [main] Logindemo - user Navigates To Login Page
[INFO ] 2024-01-18 17:36:35.149 [main] Logindemo - user Enters email And Password
[INFO ] 2024-01-18 17:36:35.394 [main] Logindemo - clicks Login Button
[INFO ] 2024-01-18 17:36:36.492 [main] Logindemo - message Should Be Displayed
[INFO ] 2024-01-18 17:36:37.003 [main] Logindemo - user Navigates To Login Page
[INFO ] 2024-01-18 17:36:43.454 [main] Logindemo - user Enters email And Password
[INFO ] 2024-01-18 17:36:43.849 [main] Logindemo - clicks Login Button
[INFO ] 2024-01-18 17:36:44.752 [main] Logindemo - message Should Be Displayed
[INFO ] 2024-01-18 17:36:44.821 [main] Logindemo - user Navigates To Login Page
[INFO ] 2024-01-18 17:36:51.050 [main] Logindemo - user Enters email And Password
[INFO ] 2024-01-18 17:36:51.326 [main] Logindemo - clicks Login Button
[INFO ] 2024-01-18 17:36:52.244 [main] Logindemo - message Should Be Displayed
[INFO ] 2024-01-18 17:36:52.313 [main] Logindemo - user Navigates To Login Page
[INFO ] 2024-01-18 17:37:01.876 [main] Logindemo - user Enters email And Password
[INFO ] 2024-01-18 17:37:02.155 [main] Logindemo - clicks Login Button
[INFO ] 2024-01-18 17:37:02.835 [main] Logindemo - message Should Be Displayed
[INFO ] 2024-01-18 17:37:02.891 [main] Logindemo - user Navigates To Login Page
[INFO ] 2024-01-18 17:37:12.950 [main] Logindemo - user Enters email And Password
[INFO ] 2024-01-18 17:37:13.216 [main] Logindemo - clicks Login Button
[INFO ] 2024-01-18 17:37:13.858 [main] Logindemo - message Should Be Displayed
[INFO ] 2024-01-18 17:40:41.185 [main] Logindemo - user Navigates To Login Page
[INFO ] 2024-01-18 17:40:49.621 [main] Logindemo - user Enters email And Password
[INFO ] 2024-01-18 17:40:49.845 [main] Logindemo - clicks Login Button
[INFO ] 2024-01-18 17:40:50.957 [main] Logindemo - message Should Be Displayed
[INFO ] 2024-01-18 17:40:51.451 [main] Logindemo - user Navigates To Login Page
[INFO ] 2024-01-18 17:40:57.940 [main] Logindemo - user Enters email And Password
[INFO ] 2024-01-18 17:40:58.197 [main] Logindemo - clicks Login Button
[INFO ] 2024-01-18 17:40:59.031 [main] Logindemo - message Should Be Displayed
[INFO ] 2024-01-18 17:40:59.125 [main] Logindemo - user Navigates To Login Page
[INFO ] 2024-01-18 17:41:05.798 [main] Logindemo - user Enters email And Password
[INFO ] 2024-01-18 17:41:06.068 [main] Logindemo - clicks Login Button
[INFO ] 2024-01-18 17:41:06.873 [main] Logindemo - message Should Be Displayed
[INFO ] 2024-01-18 17:41:06.933 [main] Logindemo - user Navigates To Login Page
[INFO ] 2024-01-18 17:41:13.408 [main] Logindemo - user Enters email And Password
[INFO ] 2024-01-18 17:41:13.774 [main] Logindemo - clicks Login Button
[INFO ] 2024-01-18 17:41:15.135 [main] Logindemo - message Should Be Displayed
[INFO ] 2024-01-18 17:41:15.205 [main] Logindemo - user Navigates To Login Page
[INFO ] 2024-01-18 17:41:23.668 [main] Logindemo - user Enters email And Password
[INFO ] 2024-01-18 17:41:23.886 [main] Logindemo - clicks Login Button
[INFO ] 2024-01-18 17:41:24.520 [main] Logindemo - message Should Be Displayed
[INFO ] 2024-01-18 17:44:49.372 [main] Logindemo - user Navigates To Login Page
[INFO ] 2024-01-18 17:45:02.238 [main] Logindemo - user Enters email And Password
[INFO ] 2024-01-18 17:45:02.428 [main] Logindemo - clicks Login Button
[INFO ] 2024-01-18 17:45:03.345 [main] Logindemo - message Should Be Displayed
[INFO ] 2024-01-18 17:45:03.722 [main] Logindemo - user Navigates To Login Page
[INFO ] 2024-01-18 17:45:14.168 [main] Logindemo - user Enters email And Password
[INFO ] 2024-01-18 17:45:14.329 [main] Logindemo - clicks Login Button
[INFO ] 2024-01-18 17:45:14.861 [main] Logindemo - message Should Be Displayed
[INFO ] 2024-01-18 17:45:14.921 [main] Logindemo - user Navigates To Login Page
[INFO ] 2024-01-18 17:45:25.916 [main] Logindemo - user Enters email And Password
[INFO ] 2024-01-18 17:45:26.155 [main] Logindemo - clicks Login Button
[INFO ] 2024-01-18 17:45:26.709 [main] Logindemo - message Should Be Displayed
[INFO ] 2024-01-18 17:45:26.755 [main] Logindemo - user Navigates To Login Page
[INFO ] 2024-01-18 17:45:38.073 [main] Logindemo - user Enters email And Password
[INFO ] 2024-01-18 17:45:38.304 [main] Logindemo - clicks Login Button
[INFO ] 2024-01-18 17:45:39.453 [main] Logindemo - message Should Be Displayed
[INFO ] 2024-01-18 17:45:39.507 [main] Logindemo - user Navigates To Login Page
[INFO ] 2024-01-18 17:45:50.431 [main] Logindemo - user Enters email And Password
[INFO ] 2024-01-18 17:45:50.560 [main] Logindemo - clicks Login Button
[INFO ] 2024-01-18 17:45:52.036 [main] Logindemo - message Should Be Displayed
[INFO ] 2024-01-18 17:49:45.963 [main] Logindemo - user Navigates To Login Page
[INFO ] 2024-01-18 17:49:58.333 [main] Logindemo - user Enters email And Password
[INFO ] 2024-01-18 17:49:58.472 [main] Logindemo - clicks Login Button
[INFO ] 2024-01-18 17:49:59.502 [main] Logindemo - message Should Be Displayed
[INFO ] 2024-01-18 17:49:59.865 [main] Logindemo - user Navigates To Login Page
[INFO ] 2024-01-18 17:50:12.232 [main] Logindemo - user Enters email And Password
[INFO ] 2024-01-18 17:50:12.450 [main] Logindemo - clicks Login Button
[INFO ] 2024-01-18 17:50:13.318 [main] Logindemo - message Should Be Displayed
[INFO ] 2024-01-18 17:50:13.632 [main] Logindemo - user Navigates To Login Page
[INFO ] 2024-01-18 17:50:24.966 [main] Logindemo - user Enters email And Password
[INFO ] 2024-01-18 17:50:25.135 [main] Logindemo - clicks Login Button
[INFO ] 2024-01-18 17:50:26.217 [main] Logindemo - message Should Be Displayed
[INFO ] 2024-01-18 17:50:26.491 [main] Logindemo - user Navigates To Login Page
[INFO ] 2024-01-18 17:50:38.177 [main] Logindemo - user Enters email And Password
[INFO ] 2024-01-18 17:50:38.374 [main] Logindemo - clicks Login Button
[INFO ] 2024-01-18 17:50:39.800 [main] Logindemo - message Should Be Displayed
[INFO ] 2024-01-18 17:50:40.078 [main] Logindemo - user Navigates To Login Page
[INFO ] 2024-01-18 17:50:51.220 [main] Logindemo - user Enters email And Password
[INFO ] 2024-01-18 17:50:51.359 [main] Logindemo - clicks Login Button
[INFO ] 2024-01-18 17:50:52.234 [main] Logindemo - message Should Be Displayed
[INFO ] 2024-01-19 08:59:45.117 [main] Logindemo - user Navigates To Login Page
[INFO ] 2024-01-19 09:00:00.004 [main] Logindemo - user Enters email And Password
[INFO ] 2024-01-19 09:00:00.309 [main] Logindemo - clicks Login Button
[INFO ] 2024-01-19 09:00:01.360 [main] Logindemo - message Should Be Displayed
[INFO ] 2024-01-19 09:00:01.667 [main] Logindemo - user Navigates To Login Page
[INFO ] 2024-01-19 09:00:12.790 [main] Logindemo - user Enters email And Password
[INFO ] 2024-01-19 09:00:13.067 [main] Logindemo - clicks Login Button
[INFO ] 2024-01-19 09:00:13.685 [main] Logindemo - message Should Be Displayed
[INFO ] 2024-01-19 09:00:13.959 [main] Logindemo - user Navigates To Login Page
[INFO ] 2024-01-19 09:00:26.880 [main] Logindemo - user Enters email And Password
[INFO ] 2024-01-19 09:00:27.097 [main] Logindemo - clicks Login Button
[INFO ] 2024-01-19 09:00:27.738 [main] Logindemo - message Should Be Displayed
[INFO ] 2024-01-19 09:00:28.100 [main] Logindemo - user Navigates To Login Page
[INFO ] 2024-01-19 09:00:39.163 [main] Logindemo - user Enters email And Password
[INFO ] 2024-01-19 09:00:39.466 [main] Logindemo - clicks Login Button
[INFO ] 2024-01-19 09:00:40.880 [main] Logindemo - message Should Be Displayed
[INFO ] 2024-01-19 09:00:41.189 [main] Logindemo - user Navigates To Login Page
[INFO ] 2024-01-19 09:00:52.035 [main] Logindemo - user Enters email And Password
[INFO ] 2024-01-19 09:00:52.253 [main] Logindemo - clicks Login Button
[INFO ] 2024-01-19 09:00:53.401 [main] Logindemo - message Should Be Displayed
[INFO ] 2024-01-19 09:07:08.650 [main] Logindemo - user Navigates To Login Page
[INFO ] 2024-01-19 09:07:26.361 [main] Logindemo - user Enters email And Password
[INFO ] 2024-01-19 09:07:26.708 [main] Logindemo - clicks Login Button
[INFO ] 2024-01-19 09:07:27.636 [main] Logindemo - message Should Be Displayed
[INFO ] 2024-01-19 09:07:28.048 [main] Logindemo - user Navigates To Login Page
[INFO ] 2024-01-19 09:07:38.909 [main] Logindemo - user Enters email And Password
[INFO ] 2024-01-19 09:07:39.221 [main] Logindemo - clicks Login Button
[INFO ] 2024-01-19 09:07:40.128 [main] Logindemo - message Should Be Displayed
[INFO ] 2024-01-19 09:07:40.434 [main] Logindemo - user Navigates To Login Page
[INFO ] 2024-01-19 09:07:51.652 [main] Logindemo - user Enters email And Password
[INFO ] 2024-01-19 09:07:51.863 [main] Logindemo - clicks Login Button
[INFO ] 2024-01-19 09:07:53.433 [main] Logindemo - message Should Be Displayed
[INFO ] 2024-01-19 09:07:53.669 [main] Logindemo - user Navigates To Login Page
[INFO ] 2024-01-19 09:08:04.328 [main] Logindemo - user Enters email And Password
[INFO ] 2024-01-19 09:08:04.558 [main] Logindemo - clicks Login Button
[INFO ] 2024-01-19 09:08:05.452 [main] Logindemo - message Should Be Displayed
[INFO ] 2024-01-19 09:08:05.745 [main] Logindemo - user Navigates To Login Page
[INFO ] 2024-01-19 09:08:16.443 [main] Logindemo - user Enters email And Password
[INFO ] 2024-01-19 09:08:16.684 [main] Logindemo - clicks Login Button
[INFO ] 2024-01-19 09:08:17.631 [main] Logindemo - message Should Be Displayed
[INFO ] 2024-01-19 11:23:51.162 [main] Logindemo - user Navigates To Login Page
[INFO ] 2024-01-19 11:24:04.336 [main] Logindemo - user Enters email And Password
[INFO ] 2024-01-19 11:24:04.440 [main] Logindemo - clicks Login Button
[INFO ] 2024-01-19 11:24:05.542 [main] Logindemo - message Should Be Displayed
[INFO ] 2024-01-19 11:24:05.864 [main] Logindemo - user Navigates To Login Page
[INFO ] 2024-01-19 11:24:15.884 [main] Logindemo - user Enters email And Password
[INFO ] 2024-01-19 11:24:16.006 [main] Logindemo - clicks Login Button
[INFO ] 2024-01-19 11:24:16.794 [main] Logindemo - message Should Be Displayed
[INFO ] 2024-01-19 11:24:17.025 [main] Logindemo - user Navigates To Login Page
[INFO ] 2024-01-19 11:24:26.336 [main] Logindemo - user Enters email And Password
[INFO ] 2024-01-19 11:24:26.442 [main] Logindemo - clicks Login Button
[INFO ] 2024-01-19 11:24:27.271 [main] Logindemo - message Should Be Displayed
[INFO ] 2024-01-19 11:24:27.438 [main] Logindemo - user Navigates To Login Page
[INFO ] 2024-01-19 11:24:37.045 [main] Logindemo - user Enters email And Password
[INFO ] 2024-01-19 11:24:37.147 [main] Logindemo - clicks Login Button
[INFO ] 2024-01-19 11:24:38.273 [main] Logindemo - message Should Be Displayed
[INFO ] 2024-01-19 11:24:38.461 [main] Logindemo - user Navigates To Login Page
[INFO ] 2024-01-19 11:24:48.927 [main] Logindemo - user Enters email And Password
[INFO ] 2024-01-19 11:24:49.011 [main] Logindemo - clicks Login Button
[INFO ] 2024-01-19 11:24:50.971 [main] Logindemo - message Should Be Displayed
[INFO ] 2024-01-19 11:32:47.656 [main] Logindemo - user Navigates To Login Page
[INFO ] 2024-01-19 11:33:00.121 [main] Logindemo - user Enters email And Password
[INFO ] 2024-01-19 11:33:00.254 [main] Logindemo - clicks Login Button
[INFO ] 2024-01-19 11:33:01.594 [main] Logindemo - message Should Be Displayed
[INFO ] 2024-01-19 11:33:01.622 [main] Logindemo - user Navigates To Login Page
[INFO ] 2024-01-19 11:33:12.224 [main] Logindemo - user Enters email And Password
[INFO ] 2024-01-19 11:33:12.328 [main] Logindemo - clicks Login Button
[INFO ] 2024-01-19 11:33:13.450 [main] Logindemo - message Should Be Displayed
[INFO ] 2024-01-19 11:33:13.662 [main] Logindemo - user Navigates To Login Page
[INFO ] 2024-01-19 11:33:59.842 [main] Logindemo - user Enters email And Password
[INFO ] 2024-01-19 11:33:59.943 [main] Logindemo - clicks Login Button
[INFO ] 2024-01-19 11:34:02.981 [main] Logindemo - message Should Be Displayed
[INFO ] 2024-01-19 11:34:03.145 [main] Logindemo - user Navigates To Login Page
[INFO ] 2024-01-19 11:34:27.103 [main] Logindemo - user Enters email And Password
[INFO ] 2024-01-19 11:34:27.219 [main] Logindemo - clicks Login Button
[INFO ] 2024-01-19 11:34:48.473 [main] Logindemo - message Should Be Displayed
[INFO ] 2024-01-19 11:34:48.636 [main] Logindemo - user Navigates To Login Page
[INFO ] 2024-01-19 11:36:03.395 [main] Logindemo - user Enters email And Password
[INFO ] 2024-01-19 11:36:03.469 [main] Logindemo - clicks Login Button
[INFO ] 2024-01-19 11:36:04.397 [main] Logindemo - message Should Be Displayed
[INFO ] 2024-01-19 12:12:59.524 [main] Logindemo - user Navigates To Login Page
[INFO ] 2024-01-19 12:13:21.115 [main] Logindemo - user Enters email And Password
[INFO ] 2024-01-19 12:13:21.465 [main] Logindemo - clicks Login Button
[INFO ] 2024-01-19 12:13:22.405 [main] Logindemo - message Should Be Displayed
[INFO ] 2024-01-19 12:13:22.485 [main] Logindemo - user Navigates To Login Page
[INFO ] 2024-01-19 12:13:34.622 [main] Logindemo - user Enters email And Password
[INFO ] 2024-01-19 12:13:34.981 [main] Logindemo - clicks Login Button
[INFO ] 2024-01-19 12:13:35.617 [main] Logindemo - message Should Be Displayed
[INFO ] 2024-01-19 12:13:35.884 [main] Logindemo - user Navigates To Login Page
[INFO ] 2024-01-19 12:13:53.342 [main] Logindemo - user Enters email And Password
[INFO ] 2024-01-19 12:13:53.653 [main] Logindemo - clicks Login Button
[INFO ] 2024-01-19 12:13:54.655 [main] Logindemo - message Should Be Displayed
[INFO ] 2024-01-19 12:13:55.014 [main] Logindemo - user Navigates To Login Page
[INFO ] 2024-01-19 12:14:06.400 [main] Logindemo - user Enters email And Password
[INFO ] 2024-01-19 12:14:06.710 [main] Logindemo - clicks Login Button
[INFO ] 2024-01-19 12:14:08.721 [main] Logindemo - message Should Be Displayed
[INFO ] 2024-01-19 12:14:08.980 [main] Logindemo - user Navigates To Login Page
[INFO ] 2024-01-19 12:14:20.436 [main] Logindemo - user Enters email And Password
[INFO ] 2024-01-19 12:14:20.684 [main] Logindemo - clicks Login Button
[INFO ] 2024-01-19 12:14:21.632 [main] Logindemo - message Should Be Displayed
[INFO ] 2024-01-19 17:08:38.182 [main] Logindemo - user Navigates To Login Page
[INFO ] 2024-01-19 17:08:50.204 [main] Logindemo - user Enters email And Password
[INFO ] 2024-01-19 17:08:50.298 [main] Logindemo - clicks Login Button
[INFO ] 2024-01-19 17:08:51.516 [main] Logindemo - message Should Be Displayed
[INFO ] 2024-01-19 17:08:51.525 [main] Logindemo - user Navigates To Login Page
[INFO ] 2024-01-19 17:09:00.704 [main] Logindemo - user Enters email And Password
[INFO ] 2024-01-19 17:09:00.866 [main] Logindemo - clicks Login Button
[INFO ] 2024-01-19 17:09:01.730 [main] Logindemo - message Should Be Displayed
[INFO ] 2024-01-19 17:09:01.920 [main] Logindemo - user Navigates To Login Page
[INFO ] 2024-01-19 17:09:12.447 [main] Logindemo - user Enters email And Password
[INFO ] 2024-01-19 17:09:12.546 [main] Logindemo - clicks Login Button
[INFO ] 2024-01-19 17:09:14.621 [main] Logindemo - message Should Be Displayed
[INFO ] 2024-01-19 17:09:14.875 [main] Logindemo - user Navigates To Login Page
[INFO ] 2024-01-19 17:09:24.411 [main] Logindemo - user Enters email And Password
[INFO ] 2024-01-19 17:09:24.542 [main] Logindemo - clicks Login Button
[INFO ] 2024-01-19 17:09:26.050 [main] Logindemo - message Should Be Displayed
[INFO ] 2024-01-19 17:09:26.269 [main] Logindemo - user Navigates To Login Page
[INFO ] 2024-01-19 17:09:36.145 [main] Logindemo - user Enters email And Password
[INFO ] 2024-01-19 17:09:36.215 [main] Logindemo - clicks Login Button
[INFO ] 2024-01-19 17:09:37.202 [main] Logindemo - message Should Be Displayed
[INFO ] 2024-01-19 18:32:17.917 [main] Logindemo - user Navigates To Login Page
[INFO ] 2024-01-19 18:32:33.054 [main] Logindemo - user Enters email And Password
[INFO ] 2024-01-19 18:32:33.184 [main] Logindemo - clicks Login Button
[INFO ] 2024-01-19 18:32:34.858 [main] Logindemo - message Should Be Displayed
[INFO ] 2024-01-19 18:32:34.903 [main] Logindemo - user Navigates To Login Page
[INFO ] 2024-01-19 18:32:45.880 [main] Logindemo - user Enters email And Password
[INFO ] 2024-01-19 18:32:46.003 [main] Logindemo - clicks Login Button
[INFO ] 2024-01-19 18:32:47.394 [main] Logindemo - message Should Be Displayed
[INFO ] 2024-01-19 18:32:47.652 [main] Logindemo - user Navigates To Login Page
[INFO ] 2024-01-19 18:32:58.143 [main] Logindemo - user Enters email And Password
[INFO ] 2024-01-19 18:32:58.341 [main] Logindemo - clicks Login Button
[INFO ] 2024-01-19 18:32:59.268 [main] Logindemo - message Should Be Displayed
[INFO ] 2024-01-19 18:32:59.562 [main] Logindemo - user Navigates To Login Page
[INFO ] 2024-01-19 18:33:14.584 [main] Logindemo - user Enters email And Password
[INFO ] 2024-01-19 18:33:14.869 [main] Logindemo - clicks Login Button
[INFO ] 2024-01-19 18:33:15.795 [main] Logindemo - message Should Be Displayed
[INFO ] 2024-01-19 18:33:16.069 [main] Logindemo - user Navigates To Login Page
[INFO ] 2024-01-19 18:33:26.949 [main] Logindemo - user Enters email And Password
[INFO ] 2024-01-19 18:33:27.048 [main] Logindemo - clicks Login Button
[INFO ] 2024-01-19 18:33:27.887 [main] Logindemo - message Should Be Displayed
[INFO ] 2024-01-19 18:54:37.956 [main] Logindemo - user Navigates To Login Page
[INFO ] 2024-01-19 18:54:49.838 [main] Logindemo - user Enters email And Password
[INFO ] 2024-01-19 18:54:49.942 [main] Logindemo - clicks Login Button
[INFO ] 2024-01-19 18:54:50.796 [main] Logindemo - message Should Be Displayed
[INFO ] 2024-01-19 18:54:50.823 [main] Logindemo - user Navigates To Login Page
[INFO ] 2024-01-19 18:55:00.644 [main] Logindemo - user Enters email And Password
[INFO ] 2024-01-19 18:55:00.769 [main] Logindemo - clicks Login Button
[INFO ] 2024-01-19 18:55:02.600 [main] Logindemo - message Should Be Displayed
[INFO ] 2024-01-19 18:55:02.843 [main] Logindemo - user Navigates To Login Page
[INFO ] 2024-01-19 18:55:12.722 [main] Logindemo - user Enters email And Password
[INFO ] 2024-01-19 18:55:12.872 [main] Logindemo - clicks Login Button
[INFO ] 2024-01-19 18:55:14.013 [main] Logindemo - message Should Be Displayed
[INFO ] 2024-01-19 18:55:14.200 [main] Logindemo - user Navigates To Login Page
[INFO ] 2024-01-19 18:55:24.410 [main] Logindemo - user Enters email And Password
[INFO ] 2024-01-19 18:55:24.665 [main] Logindemo - clicks Login Button
[INFO ] 2024-01-19 18:55:25.967 [main] Logindemo - message Should Be Displayed
[INFO ] 2024-01-19 18:55:26.300 [main] Logindemo - user Navigates To Login Page
[INFO ] 2024-01-19 18:55:36.707 [main] Logindemo - user Enters email And Password
[INFO ] 2024-01-19 18:55:36.800 [main] Logindemo - clicks Login Button
[INFO ] 2024-01-19 18:55:38.244 [main] Logindemo - message Should Be Displayed
[INFO ] 2024-01-19 18:58:34.873 [main] Logindemo - user Navigates To Login Page
[INFO ] 2024-01-19 18:58:45.530 [main] Logindemo - user Enters email And Password
[INFO ] 2024-01-19 18:58:45.671 [main] Logindemo - clicks Login Button
[INFO ] 2024-01-19 18:58:46.386 [main] Logindemo - message Should Be Displayed
[INFO ] 2024-01-19 18:58:46.403 [main] Logindemo - user Navigates To Login Page
[INFO ] 2024-01-19 18:58:55.708 [main] Logindemo - user Enters email And Password
[INFO ] 2024-01-19 18:58:55.819 [main] Logindemo - clicks Login Button
[INFO ] 2024-01-19 18:58:56.437 [main] Logindemo - message Should Be Displayed
[INFO ] 2024-01-19 18:58:56.498 [main] Logindemo - user Navigates To Login Page
[INFO ] 2024-01-19 18:59:06.685 [main] Logindemo - user Enters email And Password
[INFO ] 2024-01-19 18:59:06.785 [main] Logindemo - clicks Login Button
[INFO ] 2024-01-19 18:59:08.030 [main] Logindemo - message Should Be Displayed
[INFO ] 2024-01-19 18:59:08.057 [main] Logindemo - user Navigates To Login Page
[INFO ] 2024-01-19 18:59:17.718 [main] Logindemo - user Enters email And Password
[INFO ] 2024-01-19 18:59:17.820 [main] Logindemo - clicks Login Button
[INFO ] 2024-01-19 18:59:18.615 [main] Logindemo - message Should Be Displayed
[INFO ] 2024-01-19 18:59:18.639 [main] Logindemo - user Navigates To Login Page
[INFO ] 2024-01-19 18:59:28.898 [main] Logindemo - user Enters email And Password
[INFO ] 2024-01-19 18:59:28.992 [main] Logindemo - clicks Login Button
[INFO ] 2024-01-19 18:59:29.781 [main] Logindemo - message Should Be Displayed
[INFO ] 2024-01-19 19:36:04.479 [main] Logindemo - user Navigates To Login Page
[INFO ] 2024-01-19 19:36:17.908 [main] Logindemo - user Enters email And Password
[INFO ] 2024-01-19 19:36:18.009 [main] Logindemo - clicks Login Button
[INFO ] 2024-01-19 19:36:19.041 [main] Logindemo - message Should Be Displayed
[INFO ] 2024-01-19 19:36:19.081 [main] Logindemo - user Navigates To Login Page
[INFO ] 2024-01-19 19:36:28.968 [main] Logindemo - user Enters email And Password
[INFO ] 2024-01-19 19:36:29.089 [main] Logindemo - clicks Login Button
[INFO ] 2024-01-19 19:36:30.159 [main] Logindemo - message Should Be Displayed
[INFO ] 2024-01-19 19:36:30.385 [main] Logindemo - user Navigates To Login Page
[INFO ] 2024-01-19 19:36:40.892 [main] Logindemo - user Enters email And Password
[INFO ] 2024-01-19 19:36:41.018 [main] Logindemo - clicks Login Button
[INFO ] 2024-01-19 19:36:41.782 [main] Logindemo - message Should Be Displayed
[INFO ] 2024-01-19 19:36:41.971 [main] Logindemo - user Navigates To Login Page
[INFO ] 2024-01-19 19:36:52.433 [main] Logindemo - user Enters email And Password
[INFO ] 2024-01-19 19:36:52.550 [main] Logindemo - clicks Login Button
[INFO ] 2024-01-19 19:36:53.902 [main] Logindemo - message Should Be Displayed
[INFO ] 2024-01-19 19:36:54.070 [main] Logindemo - user Navigates To Login Page
[INFO ] 2024-01-19 19:37:08.576 [main] Logindemo - user Enters email And Password
[INFO ] 2024-01-19 19:37:08.668 [main] Logindemo - clicks Login Button
[INFO ] 2024-01-19 19:37:09.435 [main] Logindemo - message Should Be Displayed
[INFO ] 2024-01-20 10:17:36.991 [main] Logindemo - user Navigates To Login Page
[INFO ] 2024-01-20 10:17:50.857 [main] Logindemo - user Enters email And Password
[INFO ] 2024-01-20 10:17:51.005 [main] Logindemo - clicks Login Button
[INFO ] 2024-01-20 10:17:52.033 [main] Logindemo - message Should Be Displayed
[INFO ] 2024-01-20 10:17:52.049 [main] Logindemo - user Navigates To Login Page
[INFO ] 2024-01-20 10:18:01.787 [main] Logindemo - user Enters email And Password
[INFO ] 2024-01-20 10:18:01.896 [main] Logindemo - clicks Login Button
[INFO ] 2024-01-20 10:18:03.015 [main] Logindemo - message Should Be Displayed
[INFO ] 2024-01-20 10:18:03.298 [main] Logindemo - user Navigates To Login Page
[INFO ] 2024-01-20 10:18:13.183 [main] Logindemo - user Enters email And Password
[INFO ] 2024-01-20 10:18:13.309 [main] Logindemo - clicks Login Button
[INFO ] 2024-01-20 10:18:14.560 [main] Logindemo - message Should Be Displayed
[INFO ] 2024-01-20 10:18:14.740 [main] Logindemo - user Navigates To Login Page
[INFO ] 2024-01-20 10:18:25.888 [main] Logindemo - user Enters email And Password
[INFO ] 2024-01-20 10:18:26.004 [main] Logindemo - clicks Login Button
[INFO ] 2024-01-20 10:18:27.634 [main] Logindemo - message Should Be Displayed
[INFO ] 2024-01-20 10:18:27.789 [main] Logindemo - user Navigates To Login Page
[INFO ] 2024-01-20 10:18:37.407 [main] Logindemo - user Enters email And Password
[INFO ] 2024-01-20 10:18:37.500 [main] Logindemo - clicks Login Button
[INFO ] 2024-01-20 10:18:38.906 [main] Logindemo - message Should Be Displayed
[INFO ] 2024-01-20 10:19:24.244 [main] Logindemo - user Navigates To Login Page
[INFO ] 2024-01-20 10:19:35.053 [main] Logindemo - user Enters email And Password
[INFO ] 2024-01-20 10:19:35.158 [main] Logindemo - clicks Login Button
[INFO ] 2024-01-20 10:19:36.152 [main] Logindemo - message Should Be Displayed
[INFO ] 2024-01-20 10:19:36.184 [main] Logindemo - user Navigates To Login Page
[INFO ] 2024-01-20 10:19:46.020 [main] Logindemo - user Enters email And Password
[INFO ] 2024-01-20 10:19:46.162 [main] Logindemo - clicks Login Button
[INFO ] 2024-01-20 10:19:47.165 [main] Logindemo - message Should Be Displayed
[INFO ] 2024-01-20 10:19:47.390 [main] Logindemo - user Navigates To Login Page
[INFO ] 2024-01-20 10:19:57.809 [main] Logindemo - user Enters email And Password
[INFO ] 2024-01-20 10:19:57.977 [main] Logindemo - clicks Login Button
[INFO ] 2024-01-20 10:19:59.362 [main] Logindemo - message Should Be Displayed
[INFO ] 2024-01-20 10:19:59.614 [main] Logindemo - user Navigates To Login Page
[INFO ] 2024-01-20 10:20:10.206 [main] Logindemo - user Enters email And Password
[INFO ] 2024-01-20 10:20:10.475 [main] Logindemo - clicks Login Button
[INFO ] 2024-01-20 10:20:11.666 [main] Logindemo - message Should Be Displayed
[INFO ] 2024-01-20 10:20:11.919 [main] Logindemo - user Navigates To Login Page
[INFO ] 2024-01-20 10:20:23.379 [main] Logindemo - user Enters email And Password
[INFO ] 2024-01-20 10:20:23.493 [main] Logindemo - clicks Login Button
[INFO ] 2024-01-20 10:20:24.292 [main] Logindemo - message Should Be Displayed
[INFO ] 2024-01-20 15:02:48.935 [main] Logindemo - user Navigates To Login Page
[INFO ] 2024-01-20 15:03:02.576 [main] Logindemo - user Enters email And Password
[INFO ] 2024-01-20 15:03:02.730 [main] Logindemo - clicks Login Button
[INFO ] 2024-01-20 15:03:03.775 [main] Logindemo - message Should Be Displayed
[INFO ] 2024-01-20 15:03:04.007 [main] Logindemo - clicks Login Button
[INFO ] 2024-01-20 15:03:14.114 [main] Logindemo - user Navigates To Login Page
[INFO ] 2024-01-20 15:03:25.166 [main] Logindemo - user Enters email And Password
[INFO ] 2024-01-20 15:03:25.296 [main] Logindemo - clicks Login Button
[INFO ] 2024-01-20 15:03:25.759 [main] Logindemo - message Should Be Displayed
[INFO ] 2024-01-20 15:03:25.933 [main] Logindemo - clicks Login Button
[INFO ] 2024-01-20 15:03:26.385 [main] Logindemo - user Navigates To Login Page
[INFO ] 2024-01-20 15:03:35.950 [main] Logindemo - user Enters email And Password
[INFO ] 2024-01-20 15:03:36.074 [main] Logindemo - clicks Login Button
[INFO ] 2024-01-20 15:03:36.983 [main] Logindemo - message Should Be Displayed
[INFO ] 2024-01-20 15:03:37.170 [main] Logindemo - clicks Login Button
[INFO ] 2024-01-20 15:03:37.755 [main] Logindemo - user Navigates To Login Page
[INFO ] 2024-01-20 15:03:48.144 [main] Logindemo - user Enters email And Password
[INFO ] 2024-01-20 15:03:48.283 [main] Logindemo - clicks Login Button
[INFO ] 2024-01-20 15:03:49.585 [main] Logindemo - message Should Be Displayed
[INFO ] 2024-01-20 15:03:49.752 [main] Logindemo - clicks Login Button
[INFO ] 2024-01-20 15:03:50.395 [main] Logindemo - user Navigates To Login Page
[INFO ] 2024-01-20 15:04:00.974 [main] Logindemo - user Enters email And Password
[INFO ] 2024-01-20 15:04:01.098 [main] Logindemo - clicks Login Button
[INFO ] 2024-01-20 15:04:02.524 [main] Logindemo - message Should Be Displayed
[INFO ] 2024-01-20 15:04:02.711 [main] Logindemo - clicks Login Button
[INFO ] 2024-01-20 15:10:53.198 [main] Logindemo - user Navigates To Login Page
[INFO ] 2024-01-20 15:11:04.875 [main] Logindemo - user Enters email And Password
[INFO ] 2024-01-20 15:11:04.984 [main] Logindemo - clicks Login Button
[INFO ] 2024-01-20 15:11:06.056 [main] Logindemo - message Should Be Displayed
[INFO ] 2024-01-20 15:11:06.317 [main] Logindemo - user Navigates To Login Page
[INFO ] 2024-01-20 15:11:15.825 [main] Logindemo - user Enters email And Password
[INFO ] 2024-01-20 15:11:15.961 [main] Logindemo - clicks Login Button
[INFO ] 2024-01-20 15:11:16.944 [main] Logindemo - message Should Be Displayed
[INFO ] 2024-01-20 15:11:17.107 [main] Logindemo - user Navigates To Login Page
[INFO ] 2024-01-20 15:11:30.385 [main] Logindemo - user Enters email And Password
[INFO ] 2024-01-20 15:11:30.505 [main] Logindemo - clicks Login Button
[INFO ] 2024-01-20 15:11:31.190 [main] Logindemo - message Should Be Displayed
[INFO ] 2024-01-20 15:11:31.377 [main] Logindemo - user Navigates To Login Page
[INFO ] 2024-01-20 15:11:47.817 [main] Logindemo - user Enters email And Password
[INFO ] 2024-01-20 15:11:47.913 [main] Logindemo - clicks Login Button
[INFO ] 2024-01-20 15:11:49.240 [main] Logindemo - message Should Be Displayed
[INFO ] 2024-01-20 15:11:49.404 [main] Logindemo - user Navigates To Login Page
[INFO ] 2024-01-20 15:11:59.196 [main] Logindemo - user Enters email And Password
[INFO ] 2024-01-20 15:11:59.287 [main] Logindemo - clicks Login Button
[INFO ] 2024-01-20 15:12:02.505 [main] Logindemo - message Should Be Displayed
[INFO ] 2024-01-20 15:22:38.106 [main] Logindemo - user Navigates To Login Page
[INFO ] 2024-01-20 15:22:50.180 [main] Logindemo - user Enters email And Password
[INFO ] 2024-01-20 15:22:50.294 [main] Logindemo - clicks Login Button
[INFO ] 2024-01-20 15:22:51.321 [main] Logindemo - message Should Be Displayed
[INFO ] 2024-01-20 15:23:01.631 [main] Logindemo - user Navigates To Login Page
[INFO ] 2024-01-20 15:23:13.356 [main] Logindemo - user Enters email And Password
[INFO ] 2024-01-20 15:23:13.478 [main] Logindemo - clicks Login Button
[INFO ] 2024-01-20 15:23:14.229 [main] Logindemo - message Should Be Displayed
[INFO ] 2024-01-20 15:23:14.831 [main] Logindemo - user Navigates To Login Page
[INFO ] 2024-01-20 15:23:25.174 [main] Logindemo - user Enters email And Password
[INFO ] 2024-01-20 15:23:25.362 [main] Logindemo - clicks Login Button
[INFO ] 2024-01-20 15:23:26.223 [main] Logindemo - message Should Be Displayed
[INFO ] 2024-01-20 15:23:26.828 [main] Logindemo - user Navigates To Login Page
[INFO ] 2024-01-20 15:23:38.555 [main] Logindemo - user Enters email And Password
[INFO ] 2024-01-20 15:23:38.673 [main] Logindemo - clicks Login Button
[INFO ] 2024-01-20 15:23:40.666 [main] Logindemo - message Should Be Displayed
[INFO ] 2024-01-20 15:23:41.769 [main] Logindemo - user Navigates To Login Page
[INFO ] 2024-01-20 15:23:52.548 [main] Logindemo - user Enters email And Password
[INFO ] 2024-01-20 15:23:52.689 [main] Logindemo - clicks Login Button
[INFO ] 2024-01-20 15:23:54.422 [main] Logindemo - message Should Be Displayed
[INFO ] 2024-01-20 15:30:05.987 [main] Logindemo - user Navigates To Login Page
[INFO ] 2024-01-20 15:30:18.085 [main] Logindemo - user Enters email And Password
[INFO ] 2024-01-20 15:30:18.209 [main] Logindemo - clicks Login Button
[INFO ] 2024-01-20 15:30:18.902 [main] Logindemo - message Should Be Displayed
[INFO ] 2024-01-20 15:30:18.934 [main] Logindemo - user Navigates To Login Page
[INFO ] 2024-01-20 15:30:28.683 [main] Logindemo - user Enters email And Password
[INFO ] 2024-01-20 15:30:28.805 [main] Logindemo - clicks Login Button
[INFO ] 2024-01-20 15:30:29.637 [main] Logindemo - message Should Be Displayed
[INFO ] 2024-01-20 15:30:29.906 [main] Logindemo - user Navigates To Login Page
[INFO ] 2024-01-20 15:30:40.570 [main] Logindemo - user Enters email And Password
[INFO ] 2024-01-20 15:30:40.718 [main] Logindemo - clicks Login Button
[INFO ] 2024-01-20 15:30:41.846 [main] Logindemo - message Should Be Displayed
[INFO ] 2024-01-20 15:30:42.058 [main] Logindemo - user Navigates To Login Page
[INFO ] 2024-01-20 15:30:52.372 [main] Logindemo - user Enters email And Password
[INFO ] 2024-01-20 15:30:52.500 [main] Logindemo - clicks Login Button
[INFO ] 2024-01-20 15:30:53.597 [main] Logindemo - message Should Be Displayed
[INFO ] 2024-01-20 15:30:53.820 [main] Logindemo - user Navigates To Login Page
[INFO ] 2024-01-20 15:31:03.604 [main] Logindemo - user Enters email And Password
[INFO ] 2024-01-20 15:31:03.687 [main] Logindemo - clicks Login Button
[INFO ] 2024-01-20 15:31:05.140 [main] Logindemo - message Should Be Displayed
[INFO ] 2024-01-21 09:13:33.681 [main] Logindemo - user Navigates To Login Page
[INFO ] 2024-01-21 09:13:51.662 [main] Logindemo - user Enters email And Password
[INFO ] 2024-01-21 09:13:52.017 [main] Logindemo - clicks Login Button
[INFO ] 2024-01-21 09:13:53.255 [main] Logindemo - message Should Be Displayed
[INFO ] 2024-01-21 09:13:53.320 [main] Logindemo - user Navigates To Login Page
[INFO ] 2024-01-21 09:14:03.991 [main] Logindemo - user Enters email And Password
[INFO ] 2024-01-21 09:14:04.260 [main] Logindemo - clicks Login Button
[INFO ] 2024-01-21 09:14:05.223 [main] Logindemo - message Should Be Displayed
[INFO ] 2024-01-21 09:14:05.730 [main] Logindemo - user Navigates To Login Page
[INFO ] 2024-01-21 09:14:16.509 [main] Logindemo - user Enters email And Password
[INFO ] 2024-01-21 09:14:16.766 [main] Logindemo - clicks Login Button
[INFO ] 2024-01-21 09:14:17.826 [main] Logindemo - message Should Be Displayed
[INFO ] 2024-01-21 09:14:18.133 [main] Logindemo - user Navigates To Login Page
[INFO ] 2024-01-21 09:14:29.201 [main] Logindemo - user Enters email And Password
[INFO ] 2024-01-21 09:14:29.482 [main] Logindemo - clicks Login Button
[INFO ] 2024-01-21 09:14:31.200 [main] Logindemo - message Should Be Displayed
[INFO ] 2024-01-21 09:14:31.584 [main] Logindemo - user Navigates To Login Page
[INFO ] 2024-01-21 09:14:42.357 [main] Logindemo - user Enters email And Password
[INFO ] 2024-01-21 09:14:42.618 [main] Logindemo - clicks Login Button
[INFO ] 2024-01-21 09:14:43.543 [main] Logindemo - message Should Be Displayed
